--------------------------------------------------------------------------------
Release 14.7 Trace  (nt64)
Copyright (c) 1995-2013 Xilinx, Inc.  All rights reserved.

C:\Xilinx\14.7\ISE_DS\ISE\bin\nt64\unwrapped\trce.exe -intstyle ise -v 3 -s 4
-n 3 -fastpaths -xml BCD_to_7seg.twx BCD_to_7seg.ncd -o BCD_to_7seg.twr
BCD_to_7seg.pcf

Design file:              BCD_to_7seg.ncd
Physical constraint file: BCD_to_7seg.pcf
Device,package,speed:     xc3s500e,fg320,-4 (PRODUCTION 1.27 2013-10-13)
Report level:             verbose report

Environment Variable      Effect 
--------------------      ------ 
NONE                      No environment variables were set
--------------------------------------------------------------------------------

INFO:Timing:2698 - No timing constraints found, doing default enumeration.
INFO:Timing:3412 - To improve timing, see the Timing Closure User Guide (UG612).
INFO:Timing:2752 - To get complete path coverage, use the unconstrained paths 
   option. All paths that are not constrained will be reported in the 
   unconstrained paths section(s) of the report.
INFO:Timing:3339 - The clock-to-out numbers in this timing report are based on 
   a 50 Ohm transmission line loading model.  For the details of this model, 
   and for more information on accounting for different loading conditions, 
   please see the device datasheet.
INFO:Timing:3390 - This architecture does not support a default System Jitter 
   value, please add SYSTEM_JITTER constraint to the UCF to modify the Clock 
   Uncertainty calculation.
INFO:Timing:3389 - This architecture does not support 'Discrete Jitter' and 
   'Phase Error' calculations, these terms will be zero in the Clock 
   Uncertainty calculation.  Please make appropriate modification to 
   SYSTEM_JITTER to account for the unsupported Discrete Jitter and Phase 
   Error.



Data Sheet report:
-----------------
All values displayed in nanoseconds (ns)

Setup/Hold to clock clk
------------+------------+------------+------------------+--------+
            |Max Setup to|Max Hold to |                  | Clock  |
Source      | clk (edge) | clk (edge) |Internal Clock(s) | Phase  |
------------+------------+------------+------------------+--------+
bcd<0>      |    2.275(R)|    0.366(R)|clk_BUFGP         |   0.000|
bcd<1>      |    1.993(R)|    0.330(R)|clk_BUFGP         |   0.000|
bcd<2>      |    1.897(R)|    0.289(R)|clk_BUFGP         |   0.000|
bcd<3>      |    1.937(R)|    0.312(R)|clk_BUFGP         |   0.000|
------------+------------+------------+------------------+--------+

Clock clk to Pad
------------+------------+------------------+--------+
            | clk (edge) |                  | Clock  |
Destination |   to PAD   |Internal Clock(s) | Phase  |
------------+------------+------------------+--------+
segment7<0> |    6.179(R)|clk_BUFGP         |   0.000|
segment7<1> |    6.179(R)|clk_BUFGP         |   0.000|
segment7<2> |    6.159(R)|clk_BUFGP         |   0.000|
segment7<3> |    6.159(R)|clk_BUFGP         |   0.000|
segment7<4> |    6.153(R)|clk_BUFGP         |   0.000|
segment7<5> |    6.155(R)|clk_BUFGP         |   0.000|
segment7<6> |    6.155(R)|clk_BUFGP         |   0.000|
------------+------------+------------------+--------+


Analysis completed Tue May 05 21:23:49 2020 
--------------------------------------------------------------------------------

Trace Settings:
-------------------------
Trace Settings 

Peak Memory Usage: 4499 MB



